<?xml version='1.0'?>
<ns2:test-suite xmlns:ns2='urn:model.allure.qatools.yandex.ru' start='1761594591813' stop='1761594649067'>
    <name>57775 Autenticación de Usuarios mediante Login</name>
    <title>57775 Autenticación de Usuarios mediante Login</title>
    <test-cases>
        <test-case start='1761594591813' status='passed' stop='1761594611908'>
            <name>CP1_Campos obligatorios pantalla inicial</name>
            <title>CP1_Campos obligatorios pantalla inicial</title>
            <labels/>
            <parameters/>
            <steps/>
            <attachments/>
        </test-case>
        <test-case start='1761594611954' status='passed' stop='1761594620533'>
            <name>CP3_Login exitoso redirección home</name>
            <title>CP3_Login exitoso redirección home</title>
            <labels/>
            <parameters/>
            <steps/>
            <attachments/>
        </test-case>
        <test-case start='1761594620570' status='passed' stop='1761594628360'>
            <name>CP4_Login usuario inexistente o inactivo</name>
            <title>CP4_Login usuario inexistente o inactivo</title>
            <labels/>
            <parameters/>
            <steps/>
            <attachments/>
        </test-case>
        <test-case start='1761594628413' status='failed' stop='1761594640074'>
            <name>CP5_Validaciones del campo Contraseña</name>
            <title>CP5_Validaciones del campo Contraseña</title>
            <labels/>
            <parameters/>
            <steps/>
            <attachments/>
            <failure>
                <message>Timed out retrying after 4000ms: Expected to find content: 'Usuario y/o Contraseña incorrecta, por favor verifique la información' within the selector: 'p.text-sm.text-gray-500.mt-2.px-4.font-paragraph' but never did.</message>
                <stack-trace>AssertionError: Timed out retrying after 4000ms: Expected to find content: 'Usuario y/o Contraseña incorrecta, por favor verifique la información' within the selector: 'p.text-sm.text-gray-500.mt-2.px-4.font-paragraph' but never did.
                    at Context.eval (webpack://automationceleris/./cypress/e2e/1-getting-started-celeris/login.cy.js:46:13)</stack-trace>
            </failure>
        </test-case>
        <test-case start='1761594640165' status='passed' stop='1761594649066'>
            <name>CP8_Seguridad en sesión</name>
            <title>CP8_Seguridad en sesión</title>
            <labels/>
            <parameters/>
            <steps/>
            <attachments/>
        </test-case>
    </test-cases>
</ns2:test-suite>